/Users/doeca/.platformio/packages/toolchain-gccarmnoneeabi@1.70201.0/bin/../lib/gcc/arm-none-eabi/7.2.1/../../../../arm-none-eabi/bin/ld: error: .pio/build/genericSTM32F407IGT6/firmware.elf uses VFP register arguments, .pio/build/genericSTM32F407IGT6/FrameworkHALDriver/Src/stm32f4xx_hal.o does not
/Users/doeca/.platformio/packages/toolchain-gccarmnoneeabi@1.70201.0/bin/../lib/gcc/arm-none-eabi/7.2.1/../../../../arm-none-eabi/bin/ld: failed to merge target specific data of file .pio/build/genericSTM32F407IGT6/FrameworkHALDriver/Src/stm32f4xx_hal.o
/Users/doeca/.platformio/packages/toolchain-gccarmnoneeabi@1.70201.0/bin/../lib/gcc/arm-none-eabi/7.2.1/../../../../arm-none-eabi/bin/ld: error: .pio/build/genericSTM32F407IGT6/firmware.elf uses VFP register arguments, .pio/build/genericSTM32F407IGT6/FrameworkHALDriver/Src/stm32f4xx_hal_adc.o does not
/Users/doeca/.platformio/packages/toolchain-gccarmnoneeabi@1.70201.0/bin/../lib/gcc/arm-none-eabi/7.2.1/../../../../arm-none-eabi/bin/ld: failed to merge target specific data of file .pio/build/genericSTM32F407IGT6/FrameworkHALDriver/Src/stm32f4xx_hal_adc.o
/Users/doeca/.platformio/packages/toolchain-gccarmnoneeabi@1.70201.0/bin/../lib/gcc/arm-none-eabi/7.2.1/../../../../arm-none-eabi/bin/ld: error: .pio/build/genericSTM32F407IGT6/firmware.elf uses VFP register arguments, .pio/build/genericSTM32F407IGT6/FrameworkHALDriver/Src/stm32f4xx_hal_adc_ex.o does not
/Users/doeca/.platformio/packages/toolchain-gccarmnoneeabi@1.70201.0/bin/../lib/gcc/arm-none-eabi/7.2.1/../../../../arm-none-eabi/bin/ld: failed to merge target specific data of file .pio/build/genericSTM32F407IGT6/FrameworkHALDriver/Src/stm32f4xx_hal_adc_ex.o
/Users/doeca/.platformio/packages/toolchain-gccarmnoneeabi@1.70201.0/bin/../lib/gcc/arm-none-eabi/7.2.1/../../../../arm-none-eabi/bin/ld: error: .pio/build/genericSTM32F407IGT6/firmware.elf uses VFP register arguments, .pio/build/genericSTM32F407IGT6/FrameworkHALDriver/Src/stm32f4xx_hal_can.o does not
/Users/doeca/.platformio/packages/toolchain-gccarmnoneeabi@1.70201.0/bin/../lib/gcc/arm-none-eabi/7.2.1/../../../../arm-none-eabi/bin/ld: failed to merge target specific data of file .pio/build/genericSTM32F407IGT6/FrameworkHALDriver/Src/stm32f4xx_hal_can.o
/Users/doeca/.platformio/packages/toolchain-gccarmnoneeabi@1.70201.0/bin/../lib/gcc/arm-none-eabi/7.2.1/../../../../arm-none-eabi/bin/ld: error: .pio/build/genericSTM32F407IGT6/firmware.elf uses VFP register arguments, .pio/build/genericSTM32F407IGT6/FrameworkHALDriver/Src/stm32f4xx_hal_cec.o does not
/Users/doeca/.platformio/packages/toolchain-gccarmnoneeabi@1.70201.0/bin/../lib/gcc/arm-none-eabi/7.2.1/../../../../arm-none-eabi/bin/ld: failed to merge target specific data of file .pio/build/genericSTM32F407IGT6/FrameworkHALDriver/Src/stm32f4xx_hal_cec.o
/Users/doeca/.platformio/packages/toolchain-gccarmnoneeabi@1.70201.0/bin/../lib/gcc/arm-none-eabi/7.2.1/../../../../arm-none-eabi/bin/ld: error: .pio/build/genericSTM32F407IGT6/firmware.elf uses VFP register arguments, .pio/build/genericSTM32F407IGT6/FrameworkHALDriver/Src/stm32f4xx_hal_cortex.o does not
/Users/doeca/.platformio/packages/toolchain-gccarmnoneeabi@1.70201.0/bin/../lib/gcc/arm-none-eabi/7.2.1/../../../../arm-none-eabi/bin/ld: failed to merge target specific data of file .pio/build/genericSTM32F407IGT6/FrameworkHALDriver/Src/stm32f4xx_hal_cortex.o
/Users/doeca/.platformio/packages/toolchain-gccarmnoneeabi@1.70201.0/bin/../lib/gcc/arm-none-eabi/7.2.1/../../../../arm-none-eabi/bin/ld: error: .pio/build/genericSTM32F407IGT6/firmware.elf uses VFP register arguments, .pio/build/genericSTM32F407IGT6/FrameworkHALDriver/Src/stm32f4xx_hal_crc.o does not
/Users/doeca/.platformio/packages/toolchain-gccarmnoneeabi@1.70201.0/bin/../lib/gcc/arm-none-eabi/7.2.1/../../../../arm-none-eabi/bin/ld: failed to merge target specific data of file .pio/build/genericSTM32F407IGT6/FrameworkHALDriver/Src/stm32f4xx_hal_crc.o
/Users/doeca/.platformio/packages/toolchain-gccarmnoneeabi@1.70201.0/bin/../lib/gcc/arm-none-eabi/7.2.1/../../../../arm-none-eabi/bin/ld: error: .pio/build/genericSTM32F407IGT6/firmware.elf uses VFP register arguments, .pio/build/genericSTM32F407IGT6/FrameworkHALDriver/Src/stm32f4xx_hal_cryp.o does not
/Users/doeca/.platformio/packages/toolchain-gccarmnoneeabi@1.70201.0/bin/../lib/gcc/arm-none-eabi/7.2.1/../../../../arm-none-eabi/bin/ld: failed to merge target specific data of file .pio/build/genericSTM32F407IGT6/FrameworkHALDriver/Src/stm32f4xx_hal_cryp.o
/Users/doeca/.platformio/packages/toolchain-gccarmnoneeabi@1.70201.0/bin/../lib/gcc/arm-none-eabi/7.2.1/../../../../arm-none-eabi/bin/ld: error: .pio/build/genericSTM32F407IGT6/firmware.elf uses VFP register arguments, .pio/build/genericSTM32F407IGT6/FrameworkHALDriver/Src/stm32f4xx_hal_cryp_ex.o does not
/Users/doeca/.platformio/packages/toolchain-gccarmnoneeabi@1.70201.0/bin/../lib/gcc/arm-none-eabi/7.2.1/../../../../arm-none-eabi/bin/ld: failed to merge target specific data of file .pio/build/genericSTM32F407IGT6/FrameworkHALDriver/Src/stm32f4xx_hal_cryp_ex.o
/Users/doeca/.platformio/packages/toolchain-gccarmnoneeabi@1.70201.0/bin/../lib/gcc/arm-none-eabi/7.2.1/../../../../arm-none-eabi/bin/ld: error: .pio/build/genericSTM32F407IGT6/firmware.elf uses VFP register arguments, .pio/build/genericSTM32F407IGT6/FrameworkHALDriver/Src/stm32f4xx_hal_dac.o does not
/Users/doeca/.platformio/packages/toolchain-gccarmnoneeabi@1.70201.0/bin/../lib/gcc/arm-none-eabi/7.2.1/../../../../arm-none-eabi/bin/ld: failed to merge target specific data of file .pio/build/genericSTM32F407IGT6/FrameworkHALDriver/Src/stm32f4xx_hal_dac.o
/Users/doeca/.platformio/packages/toolchain-gccarmnoneeabi@1.70201.0/bin/../lib/gcc/arm-none-eabi/7.2.1/../../../../arm-none-eabi/bin/ld: error: .pio/build/genericSTM32F407IGT6/firmware.elf uses VFP register arguments, .pio/build/genericSTM32F407IGT6/FrameworkHALDriver/Src/stm32f4xx_hal_dac_ex.o does not
/Users/doeca/.platformio/packages/toolchain-gccarmnoneeabi@1.70201.0/bin/../lib/gcc/arm-none-eabi/7.2.1/../../../../arm-none-eabi/bin/ld: failed to merge target specific data of file .pio/build/genericSTM32F407IGT6/FrameworkHALDriver/Src/stm32f4xx_hal_dac_ex.o
/Users/doeca/.platformio/packages/toolchain-gccarmnoneeabi@1.70201.0/bin/../lib/gcc/arm-none-eabi/7.2.1/../../../../arm-none-eabi/bin/ld: error: .pio/build/genericSTM32F407IGT6/firmware.elf uses VFP register arguments, .pio/build/genericSTM32F407IGT6/FrameworkHALDriver/Src/stm32f4xx_hal_dcmi.o does not
/Users/doeca/.platformio/packages/toolchain-gccarmnoneeabi@1.70201.0/bin/../lib/gcc/arm-none-eabi/7.2.1/../../../../arm-none-eabi/bin/ld: failed to merge target specific data of file .pio/build/genericSTM32F407IGT6/FrameworkHALDriver/Src/stm32f4xx_hal_dcmi.o
/Users/doeca/.platformio/packages/toolchain-gccarmnoneeabi@1.70201.0/bin/../lib/gcc/arm-none-eabi/7.2.1/../../../../arm-none-eabi/bin/ld: error: .pio/build/genericSTM32F407IGT6/firmware.elf uses VFP register arguments, .pio/build/genericSTM32F407IGT6/FrameworkHALDriver/Src/stm32f4xx_hal_dcmi_ex.o does not
/Users/doeca/.platformio/packages/toolchain-gccarmnoneeabi@1.70201.0/bin/../lib/gcc/arm-none-eabi/7.2.1/../../../../arm-none-eabi/bin/ld: failed to merge target specific data of file .pio/build/genericSTM32F407IGT6/FrameworkHALDriver/Src/stm32f4xx_hal_dcmi_ex.o
/Users/doeca/.platformio/packages/toolchain-gccarmnoneeabi@1.70201.0/bin/../lib/gcc/arm-none-eabi/7.2.1/../../../../arm-none-eabi/bin/ld: error: .pio/build/genericSTM32F407IGT6/firmware.elf uses VFP register arguments, .pio/build/genericSTM32F407IGT6/FrameworkHALDriver/Src/stm32f4xx_hal_dfsdm.o does not
/Users/doeca/.platformio/packages/toolchain-gccarmnoneeabi@1.70201.0/bin/../lib/gcc/arm-none-eabi/7.2.1/../../../../arm-none-eabi/bin/ld: failed to merge target specific data of file .pio/build/genericSTM32F407IGT6/FrameworkHALDriver/Src/stm32f4xx_hal_dfsdm.o
/Users/doeca/.platformio/packages/toolchain-gccarmnoneeabi@1.70201.0/bin/../lib/gcc/arm-none-eabi/7.2.1/../../../../arm-none-eabi/bin/ld: error: .pio/build/genericSTM32F407IGT6/firmware.elf uses VFP register arguments, .pio/build/genericSTM32F407IGT6/FrameworkHALDriver/Src/stm32f4xx_hal_dma.o does not
/Users/doeca/.platformio/packages/toolchain-gccarmnoneeabi@1.70201.0/bin/../lib/gcc/arm-none-eabi/7.2.1/../../../../arm-none-eabi/bin/ld: failed to merge target specific data of file .pio/build/genericSTM32F407IGT6/FrameworkHALDriver/Src/stm32f4xx_hal_dma.o
/Users/doeca/.platformio/packages/toolchain-gccarmnoneeabi@1.70201.0/bin/../lib/gcc/arm-none-eabi/7.2.1/../../../../arm-none-eabi/bin/ld: error: .pio/build/genericSTM32F407IGT6/firmware.elf uses VFP register arguments, .pio/build/genericSTM32F407IGT6/FrameworkHALDriver/Src/stm32f4xx_hal_dma2d.o does not
/Users/doeca/.platformio/packages/toolchain-gccarmnoneeabi@1.70201.0/bin/../lib/gcc/arm-none-eabi/7.2.1/../../../../arm-none-eabi/bin/ld: failed to merge target specific data of file .pio/build/genericSTM32F407IGT6/FrameworkHALDriver/Src/stm32f4xx_hal_dma2d.o
/Users/doeca/.platformio/packages/toolchain-gccarmnoneeabi@1.70201.0/bin/../lib/gcc/arm-none-eabi/7.2.1/../../../../arm-none-eabi/bin/ld: error: .pio/build/genericSTM32F407IGT6/firmware.elf uses VFP register arguments, .pio/build/genericSTM32F407IGT6/FrameworkHALDriver/Src/stm32f4xx_hal_dma_ex.o does not
/Users/doeca/.platformio/packages/toolchain-gccarmnoneeabi@1.70201.0/bin/../lib/gcc/arm-none-eabi/7.2.1/../../../../arm-none-eabi/bin/ld: failed to merge target specific data of file .pio/build/genericSTM32F407IGT6/FrameworkHALDriver/Src/stm32f4xx_hal_dma_ex.o
/Users/doeca/.platformio/packages/toolchain-gccarmnoneeabi@1.70201.0/bin/../lib/gcc/arm-none-eabi/7.2.1/../../../../arm-none-eabi/bin/ld: error: .pio/build/genericSTM32F407IGT6/firmware.elf uses VFP register arguments, .pio/build/genericSTM32F407IGT6/FrameworkHALDriver/Src/stm32f4xx_hal_dsi.o does not
/Users/doeca/.platformio/packages/toolchain-gccarmnoneeabi@1.70201.0/bin/../lib/gcc/arm-none-eabi/7.2.1/../../../../arm-none-eabi/bin/ld: failed to merge target specific data of file .pio/build/genericSTM32F407IGT6/FrameworkHALDriver/Src/stm32f4xx_hal_dsi.o
/Users/doeca/.platformio/packages/toolchain-gccarmnoneeabi@1.70201.0/bin/../lib/gcc/arm-none-eabi/7.2.1/../../../../arm-none-eabi/bin/ld: error: .pio/build/genericSTM32F407IGT6/firmware.elf uses VFP register arguments, .pio/build/genericSTM32F407IGT6/FrameworkHALDriver/Src/stm32f4xx_hal_eth.o does not
/Users/doeca/.platformio/packages/toolchain-gccarmnoneeabi@1.70201.0/bin/../lib/gcc/arm-none-eabi/7.2.1/../../../../arm-none-eabi/bin/ld: failed to merge target specific data of file .pio/build/genericSTM32F407IGT6/FrameworkHALDriver/Src/stm32f4xx_hal_eth.o
/Users/doeca/.platformio/packages/toolchain-gccarmnoneeabi@1.70201.0/bin/../lib/gcc/arm-none-eabi/7.2.1/../../../../arm-none-eabi/bin/ld: error: .pio/build/genericSTM32F407IGT6/firmware.elf uses VFP register arguments, .pio/build/genericSTM32F407IGT6/FrameworkHALDriver/Src/stm32f4xx_hal_exti.o does not
/Users/doeca/.platformio/packages/toolchain-gccarmnoneeabi@1.70201.0/bin/../lib/gcc/arm-none-eabi/7.2.1/../../../../arm-none-eabi/bin/ld: failed to merge target specific data of file .pio/build/genericSTM32F407IGT6/FrameworkHALDriver/Src/stm32f4xx_hal_exti.o
/Users/doeca/.platformio/packages/toolchain-gccarmnoneeabi@1.70201.0/bin/../lib/gcc/arm-none-eabi/7.2.1/../../../../arm-none-eabi/bin/ld: error: .pio/build/genericSTM32F407IGT6/firmware.elf uses VFP register arguments, .pio/build/genericSTM32F407IGT6/FrameworkHALDriver/Src/stm32f4xx_hal_flash.o does not
/Users/doeca/.platformio/packages/toolchain-gccarmnoneeabi@1.70201.0/bin/../lib/gcc/arm-none-eabi/7.2.1/../../../../arm-none-eabi/bin/ld: failed to merge target specific data of file .pio/build/genericSTM32F407IGT6/FrameworkHALDriver/Src/stm32f4xx_hal_flash.o
/Users/doeca/.platformio/packages/toolchain-gccarmnoneeabi@1.70201.0/bin/../lib/gcc/arm-none-eabi/7.2.1/../../../../arm-none-eabi/bin/ld: error: .pio/build/genericSTM32F407IGT6/firmware.elf uses VFP register arguments, .pio/build/genericSTM32F407IGT6/FrameworkHALDriver/Src/stm32f4xx_hal_flash_ex.o does not
/Users/doeca/.platformio/packages/toolchain-gccarmnoneeabi@1.70201.0/bin/../lib/gcc/arm-none-eabi/7.2.1/../../../../arm-none-eabi/bin/ld: failed to merge target specific data of file .pio/build/genericSTM32F407IGT6/FrameworkHALDriver/Src/stm32f4xx_hal_flash_ex.o
/Users/doeca/.platformio/packages/toolchain-gccarmnoneeabi@1.70201.0/bin/../lib/gcc/arm-none-eabi/7.2.1/../../../../arm-none-eabi/bin/ld: error: .pio/build/genericSTM32F407IGT6/firmware.elf uses VFP register arguments, .pio/build/genericSTM32F407IGT6/FrameworkHALDriver/Src/stm32f4xx_hal_flash_ramfunc.o does not
/Users/doeca/.platformio/packages/toolchain-gccarmnoneeabi@1.70201.0/bin/../lib/gcc/arm-none-eabi/7.2.1/../../../../arm-none-eabi/bin/ld: failed to merge target specific data of file .pio/build/genericSTM32F407IGT6/FrameworkHALDriver/Src/stm32f4xx_hal_flash_ramfunc.o
/Users/doeca/.platformio/packages/toolchain-gccarmnoneeabi@1.70201.0/bin/../lib/gcc/arm-none-eabi/7.2.1/../../../../arm-none-eabi/bin/ld: error: .pio/build/genericSTM32F407IGT6/firmware.elf uses VFP register arguments, .pio/build/genericSTM32F407IGT6/FrameworkHALDriver/Src/stm32f4xx_hal_fmpi2c.o does not
/Users/doeca/.platformio/packages/toolchain-gccarmnoneeabi@1.70201.0/bin/../lib/gcc/arm-none-eabi/7.2.1/../../../../arm-none-eabi/bin/ld: failed to merge target specific data of file .pio/build/genericSTM32F407IGT6/FrameworkHALDriver/Src/stm32f4xx_hal_fmpi2c.o
/Users/doeca/.platformio/packages/toolchain-gccarmnoneeabi@1.70201.0/bin/../lib/gcc/arm-none-eabi/7.2.1/../../../../arm-none-eabi/bin/ld: error: .pio/build/genericSTM32F407IGT6/firmware.elf uses VFP register arguments, .pio/build/genericSTM32F407IGT6/FrameworkHALDriver/Src/stm32f4xx_hal_fmpi2c_ex.o does not
/Users/doeca/.platformio/packages/toolchain-gccarmnoneeabi@1.70201.0/bin/../lib/gcc/arm-none-eabi/7.2.1/../../../../arm-none-eabi/bin/ld: failed to merge target specific data of file .pio/build/genericSTM32F407IGT6/FrameworkHALDriver/Src/stm32f4xx_hal_fmpi2c_ex.o
/Users/doeca/.platformio/packages/toolchain-gccarmnoneeabi@1.70201.0/bin/../lib/gcc/arm-none-eabi/7.2.1/../../../../arm-none-eabi/bin/ld: error: .pio/build/genericSTM32F407IGT6/firmware.elf uses VFP register arguments, .pio/build/genericSTM32F407IGT6/FrameworkHALDriver/Src/stm32f4xx_hal_fmpsmbus.o does not
/Users/doeca/.platformio/packages/toolchain-gccarmnoneeabi@1.70201.0/bin/../lib/gcc/arm-none-eabi/7.2.1/../../../../arm-none-eabi/bin/ld: failed to merge target specific data of file .pio/build/genericSTM32F407IGT6/FrameworkHALDriver/Src/stm32f4xx_hal_fmpsmbus.o
/Users/doeca/.platformio/packages/toolchain-gccarmnoneeabi@1.70201.0/bin/../lib/gcc/arm-none-eabi/7.2.1/../../../../arm-none-eabi/bin/ld: error: .pio/build/genericSTM32F407IGT6/firmware.elf uses VFP register arguments, .pio/build/genericSTM32F407IGT6/FrameworkHALDriver/Src/stm32f4xx_hal_fmpsmbus_ex.o does not
/Users/doeca/.platformio/packages/toolchain-gccarmnoneeabi@1.70201.0/bin/../lib/gcc/arm-none-eabi/7.2.1/../../../../arm-none-eabi/bin/ld: failed to merge target specific data of file .pio/build/genericSTM32F407IGT6/FrameworkHALDriver/Src/stm32f4xx_hal_fmpsmbus_ex.o
/Users/doeca/.platformio/packages/toolchain-gccarmnoneeabi@1.70201.0/bin/../lib/gcc/arm-none-eabi/7.2.1/../../../../arm-none-eabi/bin/ld: error: .pio/build/genericSTM32F407IGT6/firmware.elf uses VFP register arguments, .pio/build/genericSTM32F407IGT6/FrameworkHALDriver/Src/stm32f4xx_hal_gpio.o does not
/Users/doeca/.platformio/packages/toolchain-gccarmnoneeabi@1.70201.0/bin/../lib/gcc/arm-none-eabi/7.2.1/../../../../arm-none-eabi/bin/ld: failed to merge target specific data of file .pio/build/genericSTM32F407IGT6/FrameworkHALDriver/Src/stm32f4xx_hal_gpio.o
/Users/doeca/.platformio/packages/toolchain-gccarmnoneeabi@1.70201.0/bin/../lib/gcc/arm-none-eabi/7.2.1/../../../../arm-none-eabi/bin/ld: error: .pio/build/genericSTM32F407IGT6/firmware.elf uses VFP register arguments, .pio/build/genericSTM32F407IGT6/FrameworkHALDriver/Src/stm32f4xx_hal_hash.o does not
/Users/doeca/.platformio/packages/toolchain-gccarmnoneeabi@1.70201.0/bin/../lib/gcc/arm-none-eabi/7.2.1/../../../../arm-none-eabi/bin/ld: failed to merge target specific data of file .pio/build/genericSTM32F407IGT6/FrameworkHALDriver/Src/stm32f4xx_hal_hash.o
/Users/doeca/.platformio/packages/toolchain-gccarmnoneeabi@1.70201.0/bin/../lib/gcc/arm-none-eabi/7.2.1/../../../../arm-none-eabi/bin/ld: error: .pio/build/genericSTM32F407IGT6/firmware.elf uses VFP register arguments, .pio/build/genericSTM32F407IGT6/FrameworkHALDriver/Src/stm32f4xx_hal_hash_ex.o does not
/Users/doeca/.platformio/packages/toolchain-gccarmnoneeabi@1.70201.0/bin/../lib/gcc/arm-none-eabi/7.2.1/../../../../arm-none-eabi/bin/ld: failed to merge target specific data of file .pio/build/genericSTM32F407IGT6/FrameworkHALDriver/Src/stm32f4xx_hal_hash_ex.o
/Users/doeca/.platformio/packages/toolchain-gccarmnoneeabi@1.70201.0/bin/../lib/gcc/arm-none-eabi/7.2.1/../../../../arm-none-eabi/bin/ld: error: .pio/build/genericSTM32F407IGT6/firmware.elf uses VFP register arguments, .pio/build/genericSTM32F407IGT6/FrameworkHALDriver/Src/stm32f4xx_hal_hcd.o does not
/Users/doeca/.platformio/packages/toolchain-gccarmnoneeabi@1.70201.0/bin/../lib/gcc/arm-none-eabi/7.2.1/../../../../arm-none-eabi/bin/ld: failed to merge target specific data of file .pio/build/genericSTM32F407IGT6/FrameworkHALDriver/Src/stm32f4xx_hal_hcd.o
/Users/doeca/.platformio/packages/toolchain-gccarmnoneeabi@1.70201.0/bin/../lib/gcc/arm-none-eabi/7.2.1/../../../../arm-none-eabi/bin/ld: error: .pio/build/genericSTM32F407IGT6/firmware.elf uses VFP register arguments, .pio/build/genericSTM32F407IGT6/FrameworkHALDriver/Src/stm32f4xx_hal_i2c.o does not
/Users/doeca/.platformio/packages/toolchain-gccarmnoneeabi@1.70201.0/bin/../lib/gcc/arm-none-eabi/7.2.1/../../../../arm-none-eabi/bin/ld: failed to merge target specific data of file .pio/build/genericSTM32F407IGT6/FrameworkHALDriver/Src/stm32f4xx_hal_i2c.o
/Users/doeca/.platformio/packages/toolchain-gccarmnoneeabi@1.70201.0/bin/../lib/gcc/arm-none-eabi/7.2.1/../../../../arm-none-eabi/bin/ld: error: .pio/build/genericSTM32F407IGT6/firmware.elf uses VFP register arguments, .pio/build/genericSTM32F407IGT6/FrameworkHALDriver/Src/stm32f4xx_hal_i2c_ex.o does not
/Users/doeca/.platformio/packages/toolchain-gccarmnoneeabi@1.70201.0/bin/../lib/gcc/arm-none-eabi/7.2.1/../../../../arm-none-eabi/bin/ld: failed to merge target specific data of file .pio/build/genericSTM32F407IGT6/FrameworkHALDriver/Src/stm32f4xx_hal_i2c_ex.o
/Users/doeca/.platformio/packages/toolchain-gccarmnoneeabi@1.70201.0/bin/../lib/gcc/arm-none-eabi/7.2.1/../../../../arm-none-eabi/bin/ld: error: .pio/build/genericSTM32F407IGT6/firmware.elf uses VFP register arguments, .pio/build/genericSTM32F407IGT6/FrameworkHALDriver/Src/stm32f4xx_hal_i2s.o does not
/Users/doeca/.platformio/packages/toolchain-gccarmnoneeabi@1.70201.0/bin/../lib/gcc/arm-none-eabi/7.2.1/../../../../arm-none-eabi/bin/ld: failed to merge target specific data of file .pio/build/genericSTM32F407IGT6/FrameworkHALDriver/Src/stm32f4xx_hal_i2s.o
/Users/doeca/.platformio/packages/toolchain-gccarmnoneeabi@1.70201.0/bin/../lib/gcc/arm-none-eabi/7.2.1/../../../../arm-none-eabi/bin/ld: error: .pio/build/genericSTM32F407IGT6/firmware.elf uses VFP register arguments, .pio/build/genericSTM32F407IGT6/FrameworkHALDriver/Src/stm32f4xx_hal_i2s_ex.o does not
/Users/doeca/.platformio/packages/toolchain-gccarmnoneeabi@1.70201.0/bin/../lib/gcc/arm-none-eabi/7.2.1/../../../../arm-none-eabi/bin/ld: failed to merge target specific data of file .pio/build/genericSTM32F407IGT6/FrameworkHALDriver/Src/stm32f4xx_hal_i2s_ex.o
/Users/doeca/.platformio/packages/toolchain-gccarmnoneeabi@1.70201.0/bin/../lib/gcc/arm-none-eabi/7.2.1/../../../../arm-none-eabi/bin/ld: error: .pio/build/genericSTM32F407IGT6/firmware.elf uses VFP register arguments, .pio/build/genericSTM32F407IGT6/FrameworkHALDriver/Src/stm32f4xx_hal_irda.o does not
/Users/doeca/.platformio/packages/toolchain-gccarmnoneeabi@1.70201.0/bin/../lib/gcc/arm-none-eabi/7.2.1/../../../../arm-none-eabi/bin/ld: failed to merge target specific data of file .pio/build/genericSTM32F407IGT6/FrameworkHALDriver/Src/stm32f4xx_hal_irda.o
/Users/doeca/.platformio/packages/toolchain-gccarmnoneeabi@1.70201.0/bin/../lib/gcc/arm-none-eabi/7.2.1/../../../../arm-none-eabi/bin/ld: error: .pio/build/genericSTM32F407IGT6/firmware.elf uses VFP register arguments, .pio/build/genericSTM32F407IGT6/FrameworkHALDriver/Src/stm32f4xx_hal_iwdg.o does not
/Users/doeca/.platformio/packages/toolchain-gccarmnoneeabi@1.70201.0/bin/../lib/gcc/arm-none-eabi/7.2.1/../../../../arm-none-eabi/bin/ld: failed to merge target specific data of file .pio/build/genericSTM32F407IGT6/FrameworkHALDriver/Src/stm32f4xx_hal_iwdg.o
/Users/doeca/.platformio/packages/toolchain-gccarmnoneeabi@1.70201.0/bin/../lib/gcc/arm-none-eabi/7.2.1/../../../../arm-none-eabi/bin/ld: error: .pio/build/genericSTM32F407IGT6/firmware.elf uses VFP register arguments, .pio/build/genericSTM32F407IGT6/FrameworkHALDriver/Src/stm32f4xx_hal_lptim.o does not
/Users/doeca/.platformio/packages/toolchain-gccarmnoneeabi@1.70201.0/bin/../lib/gcc/arm-none-eabi/7.2.1/../../../../arm-none-eabi/bin/ld: failed to merge target specific data of file .pio/build/genericSTM32F407IGT6/FrameworkHALDriver/Src/stm32f4xx_hal_lptim.o
/Users/doeca/.platformio/packages/toolchain-gccarmnoneeabi@1.70201.0/bin/../lib/gcc/arm-none-eabi/7.2.1/../../../../arm-none-eabi/bin/ld: error: .pio/build/genericSTM32F407IGT6/firmware.elf uses VFP register arguments, .pio/build/genericSTM32F407IGT6/FrameworkHALDriver/Src/stm32f4xx_hal_ltdc.o does not
/Users/doeca/.platformio/packages/toolchain-gccarmnoneeabi@1.70201.0/bin/../lib/gcc/arm-none-eabi/7.2.1/../../../../arm-none-eabi/bin/ld: failed to merge target specific data of file .pio/build/genericSTM32F407IGT6/FrameworkHALDriver/Src/stm32f4xx_hal_ltdc.o
/Users/doeca/.platformio/packages/toolchain-gccarmnoneeabi@1.70201.0/bin/../lib/gcc/arm-none-eabi/7.2.1/../../../../arm-none-eabi/bin/ld: error: .pio/build/genericSTM32F407IGT6/firmware.elf uses VFP register arguments, .pio/build/genericSTM32F407IGT6/FrameworkHALDriver/Src/stm32f4xx_hal_ltdc_ex.o does not
/Users/doeca/.platformio/packages/toolchain-gccarmnoneeabi@1.70201.0/bin/../lib/gcc/arm-none-eabi/7.2.1/../../../../arm-none-eabi/bin/ld: failed to merge target specific data of file .pio/build/genericSTM32F407IGT6/FrameworkHALDriver/Src/stm32f4xx_hal_ltdc_ex.o
/Users/doeca/.platformio/packages/toolchain-gccarmnoneeabi@1.70201.0/bin/../lib/gcc/arm-none-eabi/7.2.1/../../../../arm-none-eabi/bin/ld: error: .pio/build/genericSTM32F407IGT6/firmware.elf uses VFP register arguments, .pio/build/genericSTM32F407IGT6/FrameworkHALDriver/Src/stm32f4xx_hal_mmc.o does not
/Users/doeca/.platformio/packages/toolchain-gccarmnoneeabi@1.70201.0/bin/../lib/gcc/arm-none-eabi/7.2.1/../../../../arm-none-eabi/bin/ld: failed to merge target specific data of file .pio/build/genericSTM32F407IGT6/FrameworkHALDriver/Src/stm32f4xx_hal_mmc.o
/Users/doeca/.platformio/packages/toolchain-gccarmnoneeabi@1.70201.0/bin/../lib/gcc/arm-none-eabi/7.2.1/../../../../arm-none-eabi/bin/ld: error: .pio/build/genericSTM32F407IGT6/firmware.elf uses VFP register arguments, .pio/build/genericSTM32F407IGT6/FrameworkHALDriver/Src/stm32f4xx_hal_nand.o does not
/Users/doeca/.platformio/packages/toolchain-gccarmnoneeabi@1.70201.0/bin/../lib/gcc/arm-none-eabi/7.2.1/../../../../arm-none-eabi/bin/ld: failed to merge target specific data of file .pio/build/genericSTM32F407IGT6/FrameworkHALDriver/Src/stm32f4xx_hal_nand.o
/Users/doeca/.platformio/packages/toolchain-gccarmnoneeabi@1.70201.0/bin/../lib/gcc/arm-none-eabi/7.2.1/../../../../arm-none-eabi/bin/ld: error: .pio/build/genericSTM32F407IGT6/firmware.elf uses VFP register arguments, .pio/build/genericSTM32F407IGT6/FrameworkHALDriver/Src/stm32f4xx_hal_nor.o does not
/Users/doeca/.platformio/packages/toolchain-gccarmnoneeabi@1.70201.0/bin/../lib/gcc/arm-none-eabi/7.2.1/../../../../arm-none-eabi/bin/ld: failed to merge target specific data of file .pio/build/genericSTM32F407IGT6/FrameworkHALDriver/Src/stm32f4xx_hal_nor.o
/Users/doeca/.platformio/packages/toolchain-gccarmnoneeabi@1.70201.0/bin/../lib/gcc/arm-none-eabi/7.2.1/../../../../arm-none-eabi/bin/ld: error: .pio/build/genericSTM32F407IGT6/firmware.elf uses VFP register arguments, .pio/build/genericSTM32F407IGT6/FrameworkHALDriver/Src/stm32f4xx_hal_pccard.o does not
/Users/doeca/.platformio/packages/toolchain-gccarmnoneeabi@1.70201.0/bin/../lib/gcc/arm-none-eabi/7.2.1/../../../../arm-none-eabi/bin/ld: failed to merge target specific data of file .pio/build/genericSTM32F407IGT6/FrameworkHALDriver/Src/stm32f4xx_hal_pccard.o
/Users/doeca/.platformio/packages/toolchain-gccarmnoneeabi@1.70201.0/bin/../lib/gcc/arm-none-eabi/7.2.1/../../../../arm-none-eabi/bin/ld: error: .pio/build/genericSTM32F407IGT6/firmware.elf uses VFP register arguments, .pio/build/genericSTM32F407IGT6/FrameworkHALDriver/Src/stm32f4xx_hal_pcd.o does not
/Users/doeca/.platformio/packages/toolchain-gccarmnoneeabi@1.70201.0/bin/../lib/gcc/arm-none-eabi/7.2.1/../../../../arm-none-eabi/bin/ld: failed to merge target specific data of file .pio/build/genericSTM32F407IGT6/FrameworkHALDriver/Src/stm32f4xx_hal_pcd.o
/Users/doeca/.platformio/packages/toolchain-gccarmnoneeabi@1.70201.0/bin/../lib/gcc/arm-none-eabi/7.2.1/../../../../arm-none-eabi/bin/ld: error: .pio/build/genericSTM32F407IGT6/firmware.elf uses VFP register arguments, .pio/build/genericSTM32F407IGT6/FrameworkHALDriver/Src/stm32f4xx_hal_pcd_ex.o does not
/Users/doeca/.platformio/packages/toolchain-gccarmnoneeabi@1.70201.0/bin/../lib/gcc/arm-none-eabi/7.2.1/../../../../arm-none-eabi/bin/ld: failed to merge target specific data of file .pio/build/genericSTM32F407IGT6/FrameworkHALDriver/Src/stm32f4xx_hal_pcd_ex.o
/Users/doeca/.platformio/packages/toolchain-gccarmnoneeabi@1.70201.0/bin/../lib/gcc/arm-none-eabi/7.2.1/../../../../arm-none-eabi/bin/ld: error: .pio/build/genericSTM32F407IGT6/firmware.elf uses VFP register arguments, .pio/build/genericSTM32F407IGT6/FrameworkHALDriver/Src/stm32f4xx_hal_pwr.o does not
/Users/doeca/.platformio/packages/toolchain-gccarmnoneeabi@1.70201.0/bin/../lib/gcc/arm-none-eabi/7.2.1/../../../../arm-none-eabi/bin/ld: failed to merge target specific data of file .pio/build/genericSTM32F407IGT6/FrameworkHALDriver/Src/stm32f4xx_hal_pwr.o
/Users/doeca/.platformio/packages/toolchain-gccarmnoneeabi@1.70201.0/bin/../lib/gcc/arm-none-eabi/7.2.1/../../../../arm-none-eabi/bin/ld: error: .pio/build/genericSTM32F407IGT6/firmware.elf uses VFP register arguments, .pio/build/genericSTM32F407IGT6/FrameworkHALDriver/Src/stm32f4xx_hal_pwr_ex.o does not
/Users/doeca/.platformio/packages/toolchain-gccarmnoneeabi@1.70201.0/bin/../lib/gcc/arm-none-eabi/7.2.1/../../../../arm-none-eabi/bin/ld: failed to merge target specific data of file .pio/build/genericSTM32F407IGT6/FrameworkHALDriver/Src/stm32f4xx_hal_pwr_ex.o
/Users/doeca/.platformio/packages/toolchain-gccarmnoneeabi@1.70201.0/bin/../lib/gcc/arm-none-eabi/7.2.1/../../../../arm-none-eabi/bin/ld: error: .pio/build/genericSTM32F407IGT6/firmware.elf uses VFP register arguments, .pio/build/genericSTM32F407IGT6/FrameworkHALDriver/Src/stm32f4xx_hal_qspi.o does not
/Users/doeca/.platformio/packages/toolchain-gccarmnoneeabi@1.70201.0/bin/../lib/gcc/arm-none-eabi/7.2.1/../../../../arm-none-eabi/bin/ld: failed to merge target specific data of file .pio/build/genericSTM32F407IGT6/FrameworkHALDriver/Src/stm32f4xx_hal_qspi.o
/Users/doeca/.platformio/packages/toolchain-gccarmnoneeabi@1.70201.0/bin/../lib/gcc/arm-none-eabi/7.2.1/../../../../arm-none-eabi/bin/ld: error: .pio/build/genericSTM32F407IGT6/firmware.elf uses VFP register arguments, .pio/build/genericSTM32F407IGT6/FrameworkHALDriver/Src/stm32f4xx_hal_rcc.o does not
/Users/doeca/.platformio/packages/toolchain-gccarmnoneeabi@1.70201.0/bin/../lib/gcc/arm-none-eabi/7.2.1/../../../../arm-none-eabi/bin/ld: failed to merge target specific data of file .pio/build/genericSTM32F407IGT6/FrameworkHALDriver/Src/stm32f4xx_hal_rcc.o
/Users/doeca/.platformio/packages/toolchain-gccarmnoneeabi@1.70201.0/bin/../lib/gcc/arm-none-eabi/7.2.1/../../../../arm-none-eabi/bin/ld: error: .pio/build/genericSTM32F407IGT6/firmware.elf uses VFP register arguments, .pio/build/genericSTM32F407IGT6/FrameworkHALDriver/Src/stm32f4xx_hal_rcc_ex.o does not
/Users/doeca/.platformio/packages/toolchain-gccarmnoneeabi@1.70201.0/bin/../lib/gcc/arm-none-eabi/7.2.1/../../../../arm-none-eabi/bin/ld: failed to merge target specific data of file .pio/build/genericSTM32F407IGT6/FrameworkHALDriver/Src/stm32f4xx_hal_rcc_ex.o
/Users/doeca/.platformio/packages/toolchain-gccarmnoneeabi@1.70201.0/bin/../lib/gcc/arm-none-eabi/7.2.1/../../../../arm-none-eabi/bin/ld: error: .pio/build/genericSTM32F407IGT6/firmware.elf uses VFP register arguments, .pio/build/genericSTM32F407IGT6/FrameworkHALDriver/Src/stm32f4xx_hal_rng.o does not
/Users/doeca/.platformio/packages/toolchain-gccarmnoneeabi@1.70201.0/bin/../lib/gcc/arm-none-eabi/7.2.1/../../../../arm-none-eabi/bin/ld: failed to merge target specific data of file .pio/build/genericSTM32F407IGT6/FrameworkHALDriver/Src/stm32f4xx_hal_rng.o
/Users/doeca/.platformio/packages/toolchain-gccarmnoneeabi@1.70201.0/bin/../lib/gcc/arm-none-eabi/7.2.1/../../../../arm-none-eabi/bin/ld: error: .pio/build/genericSTM32F407IGT6/firmware.elf uses VFP register arguments, .pio/build/genericSTM32F407IGT6/FrameworkHALDriver/Src/stm32f4xx_hal_rtc.o does not
/Users/doeca/.platformio/packages/toolchain-gccarmnoneeabi@1.70201.0/bin/../lib/gcc/arm-none-eabi/7.2.1/../../../../arm-none-eabi/bin/ld: failed to merge target specific data of file .pio/build/genericSTM32F407IGT6/FrameworkHALDriver/Src/stm32f4xx_hal_rtc.o
/Users/doeca/.platformio/packages/toolchain-gccarmnoneeabi@1.70201.0/bin/../lib/gcc/arm-none-eabi/7.2.1/../../../../arm-none-eabi/bin/ld: error: .pio/build/genericSTM32F407IGT6/firmware.elf uses VFP register arguments, .pio/build/genericSTM32F407IGT6/FrameworkHALDriver/Src/stm32f4xx_hal_rtc_ex.o does not
/Users/doeca/.platformio/packages/toolchain-gccarmnoneeabi@1.70201.0/bin/../lib/gcc/arm-none-eabi/7.2.1/../../../../arm-none-eabi/bin/ld: failed to merge target specific data of file .pio/build/genericSTM32F407IGT6/FrameworkHALDriver/Src/stm32f4xx_hal_rtc_ex.o
/Users/doeca/.platformio/packages/toolchain-gccarmnoneeabi@1.70201.0/bin/../lib/gcc/arm-none-eabi/7.2.1/../../../../arm-none-eabi/bin/ld: error: .pio/build/genericSTM32F407IGT6/firmware.elf uses VFP register arguments, .pio/build/genericSTM32F407IGT6/FrameworkHALDriver/Src/stm32f4xx_hal_sai.o does not
/Users/doeca/.platformio/packages/toolchain-gccarmnoneeabi@1.70201.0/bin/../lib/gcc/arm-none-eabi/7.2.1/../../../../arm-none-eabi/bin/ld: failed to merge target specific data of file .pio/build/genericSTM32F407IGT6/FrameworkHALDriver/Src/stm32f4xx_hal_sai.o
/Users/doeca/.platformio/packages/toolchain-gccarmnoneeabi@1.70201.0/bin/../lib/gcc/arm-none-eabi/7.2.1/../../../../arm-none-eabi/bin/ld: error: .pio/build/genericSTM32F407IGT6/firmware.elf uses VFP register arguments, .pio/build/genericSTM32F407IGT6/FrameworkHALDriver/Src/stm32f4xx_hal_sai_ex.o does not
/Users/doeca/.platformio/packages/toolchain-gccarmnoneeabi@1.70201.0/bin/../lib/gcc/arm-none-eabi/7.2.1/../../../../arm-none-eabi/bin/ld: failed to merge target specific data of file .pio/build/genericSTM32F407IGT6/FrameworkHALDriver/Src/stm32f4xx_hal_sai_ex.o
/Users/doeca/.platformio/packages/toolchain-gccarmnoneeabi@1.70201.0/bin/../lib/gcc/arm-none-eabi/7.2.1/../../../../arm-none-eabi/bin/ld: error: .pio/build/genericSTM32F407IGT6/firmware.elf uses VFP register arguments, .pio/build/genericSTM32F407IGT6/FrameworkHALDriver/Src/stm32f4xx_hal_sd.o does not
/Users/doeca/.platformio/packages/toolchain-gccarmnoneeabi@1.70201.0/bin/../lib/gcc/arm-none-eabi/7.2.1/../../../../arm-none-eabi/bin/ld: failed to merge target specific data of file .pio/build/genericSTM32F407IGT6/FrameworkHALDriver/Src/stm32f4xx_hal_sd.o
/Users/doeca/.platformio/packages/toolchain-gccarmnoneeabi@1.70201.0/bin/../lib/gcc/arm-none-eabi/7.2.1/../../../../arm-none-eabi/bin/ld: error: .pio/build/genericSTM32F407IGT6/firmware.elf uses VFP register arguments, .pio/build/genericSTM32F407IGT6/FrameworkHALDriver/Src/stm32f4xx_hal_sdram.o does not
/Users/doeca/.platformio/packages/toolchain-gccarmnoneeabi@1.70201.0/bin/../lib/gcc/arm-none-eabi/7.2.1/../../../../arm-none-eabi/bin/ld: failed to merge target specific data of file .pio/build/genericSTM32F407IGT6/FrameworkHALDriver/Src/stm32f4xx_hal_sdram.o
/Users/doeca/.platformio/packages/toolchain-gccarmnoneeabi@1.70201.0/bin/../lib/gcc/arm-none-eabi/7.2.1/../../../../arm-none-eabi/bin/ld: error: .pio/build/genericSTM32F407IGT6/firmware.elf uses VFP register arguments, .pio/build/genericSTM32F407IGT6/FrameworkHALDriver/Src/stm32f4xx_hal_smartcard.o does not
/Users/doeca/.platformio/packages/toolchain-gccarmnoneeabi@1.70201.0/bin/../lib/gcc/arm-none-eabi/7.2.1/../../../../arm-none-eabi/bin/ld: failed to merge target specific data of file .pio/build/genericSTM32F407IGT6/FrameworkHALDriver/Src/stm32f4xx_hal_smartcard.o
/Users/doeca/.platformio/packages/toolchain-gccarmnoneeabi@1.70201.0/bin/../lib/gcc/arm-none-eabi/7.2.1/../../../../arm-none-eabi/bin/ld: error: .pio/build/genericSTM32F407IGT6/firmware.elf uses VFP register arguments, .pio/build/genericSTM32F407IGT6/FrameworkHALDriver/Src/stm32f4xx_hal_smbus.o does not
/Users/doeca/.platformio/packages/toolchain-gccarmnoneeabi@1.70201.0/bin/../lib/gcc/arm-none-eabi/7.2.1/../../../../arm-none-eabi/bin/ld: failed to merge target specific data of file .pio/build/genericSTM32F407IGT6/FrameworkHALDriver/Src/stm32f4xx_hal_smbus.o
/Users/doeca/.platformio/packages/toolchain-gccarmnoneeabi@1.70201.0/bin/../lib/gcc/arm-none-eabi/7.2.1/../../../../arm-none-eabi/bin/ld: error: .pio/build/genericSTM32F407IGT6/firmware.elf uses VFP register arguments, .pio/build/genericSTM32F407IGT6/FrameworkHALDriver/Src/stm32f4xx_hal_spdifrx.o does not
/Users/doeca/.platformio/packages/toolchain-gccarmnoneeabi@1.70201.0/bin/../lib/gcc/arm-none-eabi/7.2.1/../../../../arm-none-eabi/bin/ld: failed to merge target specific data of file .pio/build/genericSTM32F407IGT6/FrameworkHALDriver/Src/stm32f4xx_hal_spdifrx.o
/Users/doeca/.platformio/packages/toolchain-gccarmnoneeabi@1.70201.0/bin/../lib/gcc/arm-none-eabi/7.2.1/../../../../arm-none-eabi/bin/ld: error: .pio/build/genericSTM32F407IGT6/firmware.elf uses VFP register arguments, .pio/build/genericSTM32F407IGT6/FrameworkHALDriver/Src/stm32f4xx_hal_spi.o does not
/Users/doeca/.platformio/packages/toolchain-gccarmnoneeabi@1.70201.0/bin/../lib/gcc/arm-none-eabi/7.2.1/../../../../arm-none-eabi/bin/ld: failed to merge target specific data of file .pio/build/genericSTM32F407IGT6/FrameworkHALDriver/Src/stm32f4xx_hal_spi.o
/Users/doeca/.platformio/packages/toolchain-gccarmnoneeabi@1.70201.0/bin/../lib/gcc/arm-none-eabi/7.2.1/../../../../arm-none-eabi/bin/ld: error: .pio/build/genericSTM32F407IGT6/firmware.elf uses VFP register arguments, .pio/build/genericSTM32F407IGT6/FrameworkHALDriver/Src/stm32f4xx_hal_sram.o does not
/Users/doeca/.platformio/packages/toolchain-gccarmnoneeabi@1.70201.0/bin/../lib/gcc/arm-none-eabi/7.2.1/../../../../arm-none-eabi/bin/ld: failed to merge target specific data of file .pio/build/genericSTM32F407IGT6/FrameworkHALDriver/Src/stm32f4xx_hal_sram.o
/Users/doeca/.platformio/packages/toolchain-gccarmnoneeabi@1.70201.0/bin/../lib/gcc/arm-none-eabi/7.2.1/../../../../arm-none-eabi/bin/ld: error: .pio/build/genericSTM32F407IGT6/firmware.elf uses VFP register arguments, .pio/build/genericSTM32F407IGT6/FrameworkHALDriver/Src/stm32f4xx_hal_tim.o does not
/Users/doeca/.platformio/packages/toolchain-gccarmnoneeabi@1.70201.0/bin/../lib/gcc/arm-none-eabi/7.2.1/../../../../arm-none-eabi/bin/ld: failed to merge target specific data of file .pio/build/genericSTM32F407IGT6/FrameworkHALDriver/Src/stm32f4xx_hal_tim.o
/Users/doeca/.platformio/packages/toolchain-gccarmnoneeabi@1.70201.0/bin/../lib/gcc/arm-none-eabi/7.2.1/../../../../arm-none-eabi/bin/ld: error: .pio/build/genericSTM32F407IGT6/firmware.elf uses VFP register arguments, .pio/build/genericSTM32F407IGT6/FrameworkHALDriver/Src/stm32f4xx_hal_tim_ex.o does not
/Users/doeca/.platformio/packages/toolchain-gccarmnoneeabi@1.70201.0/bin/../lib/gcc/arm-none-eabi/7.2.1/../../../../arm-none-eabi/bin/ld: failed to merge target specific data of file .pio/build/genericSTM32F407IGT6/FrameworkHALDriver/Src/stm32f4xx_hal_tim_ex.o
/Users/doeca/.platformio/packages/toolchain-gccarmnoneeabi@1.70201.0/bin/../lib/gcc/arm-none-eabi/7.2.1/../../../../arm-none-eabi/bin/ld: error: .pio/build/genericSTM32F407IGT6/firmware.elf uses VFP register arguments, .pio/build/genericSTM32F407IGT6/FrameworkHALDriver/Src/stm32f4xx_hal_uart.o does not
/Users/doeca/.platformio/packages/toolchain-gccarmnoneeabi@1.70201.0/bin/../lib/gcc/arm-none-eabi/7.2.1/../../../../arm-none-eabi/bin/ld: failed to merge target specific data of file .pio/build/genericSTM32F407IGT6/FrameworkHALDriver/Src/stm32f4xx_hal_uart.o
/Users/doeca/.platformio/packages/toolchain-gccarmnoneeabi@1.70201.0/bin/../lib/gcc/arm-none-eabi/7.2.1/../../../../arm-none-eabi/bin/ld: error: .pio/build/genericSTM32F407IGT6/firmware.elf uses VFP register arguments, .pio/build/genericSTM32F407IGT6/FrameworkHALDriver/Src/stm32f4xx_hal_usart.o does not
/Users/doeca/.platformio/packages/toolchain-gccarmnoneeabi@1.70201.0/bin/../lib/gcc/arm-none-eabi/7.2.1/../../../../arm-none-eabi/bin/ld: failed to merge target specific data of file .pio/build/genericSTM32F407IGT6/FrameworkHALDriver/Src/stm32f4xx_hal_usart.o
/Users/doeca/.platformio/packages/toolchain-gccarmnoneeabi@1.70201.0/bin/../lib/gcc/arm-none-eabi/7.2.1/../../../../arm-none-eabi/bin/ld: error: .pio/build/genericSTM32F407IGT6/firmware.elf uses VFP register arguments, .pio/build/genericSTM32F407IGT6/FrameworkHALDriver/Src/stm32f4xx_hal_wwdg.o does not
/Users/doeca/.platformio/packages/toolchain-gccarmnoneeabi@1.70201.0/bin/../lib/gcc/arm-none-eabi/7.2.1/../../../../arm-none-eabi/bin/ld: failed to merge target specific data of file .pio/build/genericSTM32F407IGT6/FrameworkHALDriver/Src/stm32f4xx_hal_wwdg.o
/Users/doeca/.platformio/packages/toolchain-gccarmnoneeabi@1.70201.0/bin/../lib/gcc/arm-none-eabi/7.2.1/../../../../arm-none-eabi/bin/ld: error: .pio/build/genericSTM32F407IGT6/firmware.elf uses VFP register arguments, .pio/build/genericSTM32F407IGT6/FrameworkHALDriver/Src/stm32f4xx_ll_adc.o does not
/Users/doeca/.platformio/packages/toolchain-gccarmnoneeabi@1.70201.0/bin/../lib/gcc/arm-none-eabi/7.2.1/../../../../arm-none-eabi/bin/ld: failed to merge target specific data of file .pio/build/genericSTM32F407IGT6/FrameworkHALDriver/Src/stm32f4xx_ll_adc.o
/Users/doeca/.platformio/packages/toolchain-gccarmnoneeabi@1.70201.0/bin/../lib/gcc/arm-none-eabi/7.2.1/../../../../arm-none-eabi/bin/ld: error: .pio/build/genericSTM32F407IGT6/firmware.elf uses VFP register arguments, .pio/build/genericSTM32F407IGT6/FrameworkHALDriver/Src/stm32f4xx_ll_crc.o does not
/Users/doeca/.platformio/packages/toolchain-gccarmnoneeabi@1.70201.0/bin/../lib/gcc/arm-none-eabi/7.2.1/../../../../arm-none-eabi/bin/ld: failed to merge target specific data of file .pio/build/genericSTM32F407IGT6/FrameworkHALDriver/Src/stm32f4xx_ll_crc.o
/Users/doeca/.platformio/packages/toolchain-gccarmnoneeabi@1.70201.0/bin/../lib/gcc/arm-none-eabi/7.2.1/../../../../arm-none-eabi/bin/ld: error: .pio/build/genericSTM32F407IGT6/firmware.elf uses VFP register arguments, .pio/build/genericSTM32F407IGT6/FrameworkHALDriver/Src/stm32f4xx_ll_dac.o does not
/Users/doeca/.platformio/packages/toolchain-gccarmnoneeabi@1.70201.0/bin/../lib/gcc/arm-none-eabi/7.2.1/../../../../arm-none-eabi/bin/ld: failed to merge target specific data of file .pio/build/genericSTM32F407IGT6/FrameworkHALDriver/Src/stm32f4xx_ll_dac.o
/Users/doeca/.platformio/packages/toolchain-gccarmnoneeabi@1.70201.0/bin/../lib/gcc/arm-none-eabi/7.2.1/../../../../arm-none-eabi/bin/ld: error: .pio/build/genericSTM32F407IGT6/firmware.elf uses VFP register arguments, .pio/build/genericSTM32F407IGT6/FrameworkHALDriver/Src/stm32f4xx_ll_dma.o does not
/Users/doeca/.platformio/packages/toolchain-gccarmnoneeabi@1.70201.0/bin/../lib/gcc/arm-none-eabi/7.2.1/../../../../arm-none-eabi/bin/ld: failed to merge target specific data of file .pio/build/genericSTM32F407IGT6/FrameworkHALDriver/Src/stm32f4xx_ll_dma.o
/Users/doeca/.platformio/packages/toolchain-gccarmnoneeabi@1.70201.0/bin/../lib/gcc/arm-none-eabi/7.2.1/../../../../arm-none-eabi/bin/ld: error: .pio/build/genericSTM32F407IGT6/firmware.elf uses VFP register arguments, .pio/build/genericSTM32F407IGT6/FrameworkHALDriver/Src/stm32f4xx_ll_dma2d.o does not
/Users/doeca/.platformio/packages/toolchain-gccarmnoneeabi@1.70201.0/bin/../lib/gcc/arm-none-eabi/7.2.1/../../../../arm-none-eabi/bin/ld: failed to merge target specific data of file .pio/build/genericSTM32F407IGT6/FrameworkHALDriver/Src/stm32f4xx_ll_dma2d.o
/Users/doeca/.platformio/packages/toolchain-gccarmnoneeabi@1.70201.0/bin/../lib/gcc/arm-none-eabi/7.2.1/../../../../arm-none-eabi/bin/ld: error: .pio/build/genericSTM32F407IGT6/firmware.elf uses VFP register arguments, .pio/build/genericSTM32F407IGT6/FrameworkHALDriver/Src/stm32f4xx_ll_exti.o does not
/Users/doeca/.platformio/packages/toolchain-gccarmnoneeabi@1.70201.0/bin/../lib/gcc/arm-none-eabi/7.2.1/../../../../arm-none-eabi/bin/ld: failed to merge target specific data of file .pio/build/genericSTM32F407IGT6/FrameworkHALDriver/Src/stm32f4xx_ll_exti.o
/Users/doeca/.platformio/packages/toolchain-gccarmnoneeabi@1.70201.0/bin/../lib/gcc/arm-none-eabi/7.2.1/../../../../arm-none-eabi/bin/ld: error: .pio/build/genericSTM32F407IGT6/firmware.elf uses VFP register arguments, .pio/build/genericSTM32F407IGT6/FrameworkHALDriver/Src/stm32f4xx_ll_fmc.o does not
/Users/doeca/.platformio/packages/toolchain-gccarmnoneeabi@1.70201.0/bin/../lib/gcc/arm-none-eabi/7.2.1/../../../../arm-none-eabi/bin/ld: failed to merge target specific data of file .pio/build/genericSTM32F407IGT6/FrameworkHALDriver/Src/stm32f4xx_ll_fmc.o
/Users/doeca/.platformio/packages/toolchain-gccarmnoneeabi@1.70201.0/bin/../lib/gcc/arm-none-eabi/7.2.1/../../../../arm-none-eabi/bin/ld: error: .pio/build/genericSTM32F407IGT6/firmware.elf uses VFP register arguments, .pio/build/genericSTM32F407IGT6/FrameworkHALDriver/Src/stm32f4xx_ll_fmpi2c.o does not
/Users/doeca/.platformio/packages/toolchain-gccarmnoneeabi@1.70201.0/bin/../lib/gcc/arm-none-eabi/7.2.1/../../../../arm-none-eabi/bin/ld: failed to merge target specific data of file .pio/build/genericSTM32F407IGT6/FrameworkHALDriver/Src/stm32f4xx_ll_fmpi2c.o
/Users/doeca/.platformio/packages/toolchain-gccarmnoneeabi@1.70201.0/bin/../lib/gcc/arm-none-eabi/7.2.1/../../../../arm-none-eabi/bin/ld: error: .pio/build/genericSTM32F407IGT6/firmware.elf uses VFP register arguments, .pio/build/genericSTM32F407IGT6/FrameworkHALDriver/Src/stm32f4xx_ll_fsmc.o does not
/Users/doeca/.platformio/packages/toolchain-gccarmnoneeabi@1.70201.0/bin/../lib/gcc/arm-none-eabi/7.2.1/../../../../arm-none-eabi/bin/ld: failed to merge target specific data of file .pio/build/genericSTM32F407IGT6/FrameworkHALDriver/Src/stm32f4xx_ll_fsmc.o
/Users/doeca/.platformio/packages/toolchain-gccarmnoneeabi@1.70201.0/bin/../lib/gcc/arm-none-eabi/7.2.1/../../../../arm-none-eabi/bin/ld: error: .pio/build/genericSTM32F407IGT6/firmware.elf uses VFP register arguments, .pio/build/genericSTM32F407IGT6/FrameworkHALDriver/Src/stm32f4xx_ll_gpio.o does not
/Users/doeca/.platformio/packages/toolchain-gccarmnoneeabi@1.70201.0/bin/../lib/gcc/arm-none-eabi/7.2.1/../../../../arm-none-eabi/bin/ld: failed to merge target specific data of file .pio/build/genericSTM32F407IGT6/FrameworkHALDriver/Src/stm32f4xx_ll_gpio.o
/Users/doeca/.platformio/packages/toolchain-gccarmnoneeabi@1.70201.0/bin/../lib/gcc/arm-none-eabi/7.2.1/../../../../arm-none-eabi/bin/ld: error: .pio/build/genericSTM32F407IGT6/firmware.elf uses VFP register arguments, .pio/build/genericSTM32F407IGT6/FrameworkHALDriver/Src/stm32f4xx_ll_i2c.o does not
/Users/doeca/.platformio/packages/toolchain-gccarmnoneeabi@1.70201.0/bin/../lib/gcc/arm-none-eabi/7.2.1/../../../../arm-none-eabi/bin/ld: failed to merge target specific data of file .pio/build/genericSTM32F407IGT6/FrameworkHALDriver/Src/stm32f4xx_ll_i2c.o
/Users/doeca/.platformio/packages/toolchain-gccarmnoneeabi@1.70201.0/bin/../lib/gcc/arm-none-eabi/7.2.1/../../../../arm-none-eabi/bin/ld: error: .pio/build/genericSTM32F407IGT6/firmware.elf uses VFP register arguments, .pio/build/genericSTM32F407IGT6/FrameworkHALDriver/Src/stm32f4xx_ll_lptim.o does not
/Users/doeca/.platformio/packages/toolchain-gccarmnoneeabi@1.70201.0/bin/../lib/gcc/arm-none-eabi/7.2.1/../../../../arm-none-eabi/bin/ld: failed to merge target specific data of file .pio/build/genericSTM32F407IGT6/FrameworkHALDriver/Src/stm32f4xx_ll_lptim.o
/Users/doeca/.platformio/packages/toolchain-gccarmnoneeabi@1.70201.0/bin/../lib/gcc/arm-none-eabi/7.2.1/../../../../arm-none-eabi/bin/ld: error: .pio/build/genericSTM32F407IGT6/firmware.elf uses VFP register arguments, .pio/build/genericSTM32F407IGT6/FrameworkHALDriver/Src/stm32f4xx_ll_pwr.o does not
/Users/doeca/.platformio/packages/toolchain-gccarmnoneeabi@1.70201.0/bin/../lib/gcc/arm-none-eabi/7.2.1/../../../../arm-none-eabi/bin/ld: failed to merge target specific data of file .pio/build/genericSTM32F407IGT6/FrameworkHALDriver/Src/stm32f4xx_ll_pwr.o
/Users/doeca/.platformio/packages/toolchain-gccarmnoneeabi@1.70201.0/bin/../lib/gcc/arm-none-eabi/7.2.1/../../../../arm-none-eabi/bin/ld: error: .pio/build/genericSTM32F407IGT6/firmware.elf uses VFP register arguments, .pio/build/genericSTM32F407IGT6/FrameworkHALDriver/Src/stm32f4xx_ll_rcc.o does not
/Users/doeca/.platformio/packages/toolchain-gccarmnoneeabi@1.70201.0/bin/../lib/gcc/arm-none-eabi/7.2.1/../../../../arm-none-eabi/bin/ld: failed to merge target specific data of file .pio/build/genericSTM32F407IGT6/FrameworkHALDriver/Src/stm32f4xx_ll_rcc.o
/Users/doeca/.platformio/packages/toolchain-gccarmnoneeabi@1.70201.0/bin/../lib/gcc/arm-none-eabi/7.2.1/../../../../arm-none-eabi/bin/ld: error: .pio/build/genericSTM32F407IGT6/firmware.elf uses VFP register arguments, .pio/build/genericSTM32F407IGT6/FrameworkHALDriver/Src/stm32f4xx_ll_rng.o does not
/Users/doeca/.platformio/packages/toolchain-gccarmnoneeabi@1.70201.0/bin/../lib/gcc/arm-none-eabi/7.2.1/../../../../arm-none-eabi/bin/ld: failed to merge target specific data of file .pio/build/genericSTM32F407IGT6/FrameworkHALDriver/Src/stm32f4xx_ll_rng.o
/Users/doeca/.platformio/packages/toolchain-gccarmnoneeabi@1.70201.0/bin/../lib/gcc/arm-none-eabi/7.2.1/../../../../arm-none-eabi/bin/ld: error: .pio/build/genericSTM32F407IGT6/firmware.elf uses VFP register arguments, .pio/build/genericSTM32F407IGT6/FrameworkHALDriver/Src/stm32f4xx_ll_rtc.o does not
/Users/doeca/.platformio/packages/toolchain-gccarmnoneeabi@1.70201.0/bin/../lib/gcc/arm-none-eabi/7.2.1/../../../../arm-none-eabi/bin/ld: failed to merge target specific data of file .pio/build/genericSTM32F407IGT6/FrameworkHALDriver/Src/stm32f4xx_ll_rtc.o
/Users/doeca/.platformio/packages/toolchain-gccarmnoneeabi@1.70201.0/bin/../lib/gcc/arm-none-eabi/7.2.1/../../../../arm-none-eabi/bin/ld: error: .pio/build/genericSTM32F407IGT6/firmware.elf uses VFP register arguments, .pio/build/genericSTM32F407IGT6/FrameworkHALDriver/Src/stm32f4xx_ll_sdmmc.o does not
/Users/doeca/.platformio/packages/toolchain-gccarmnoneeabi@1.70201.0/bin/../lib/gcc/arm-none-eabi/7.2.1/../../../../arm-none-eabi/bin/ld: failed to merge target specific data of file .pio/build/genericSTM32F407IGT6/FrameworkHALDriver/Src/stm32f4xx_ll_sdmmc.o
/Users/doeca/.platformio/packages/toolchain-gccarmnoneeabi@1.70201.0/bin/../lib/gcc/arm-none-eabi/7.2.1/../../../../arm-none-eabi/bin/ld: error: .pio/build/genericSTM32F407IGT6/firmware.elf uses VFP register arguments, .pio/build/genericSTM32F407IGT6/FrameworkHALDriver/Src/stm32f4xx_ll_spi.o does not
/Users/doeca/.platformio/packages/toolchain-gccarmnoneeabi@1.70201.0/bin/../lib/gcc/arm-none-eabi/7.2.1/../../../../arm-none-eabi/bin/ld: failed to merge target specific data of file .pio/build/genericSTM32F407IGT6/FrameworkHALDriver/Src/stm32f4xx_ll_spi.o
/Users/doeca/.platformio/packages/toolchain-gccarmnoneeabi@1.70201.0/bin/../lib/gcc/arm-none-eabi/7.2.1/../../../../arm-none-eabi/bin/ld: error: .pio/build/genericSTM32F407IGT6/firmware.elf uses VFP register arguments, .pio/build/genericSTM32F407IGT6/FrameworkHALDriver/Src/stm32f4xx_ll_tim.o does not
/Users/doeca/.platformio/packages/toolchain-gccarmnoneeabi@1.70201.0/bin/../lib/gcc/arm-none-eabi/7.2.1/../../../../arm-none-eabi/bin/ld: failed to merge target specific data of file .pio/build/genericSTM32F407IGT6/FrameworkHALDriver/Src/stm32f4xx_ll_tim.o
/Users/doeca/.platformio/packages/toolchain-gccarmnoneeabi@1.70201.0/bin/../lib/gcc/arm-none-eabi/7.2.1/../../../../arm-none-eabi/bin/ld: error: .pio/build/genericSTM32F407IGT6/firmware.elf uses VFP register arguments, .pio/build/genericSTM32F407IGT6/FrameworkHALDriver/Src/stm32f4xx_ll_usart.o does not
/Users/doeca/.platformio/packages/toolchain-gccarmnoneeabi@1.70201.0/bin/../lib/gcc/arm-none-eabi/7.2.1/../../../../arm-none-eabi/bin/ld: failed to merge target specific data of file .pio/build/genericSTM32F407IGT6/FrameworkHALDriver/Src/stm32f4xx_ll_usart.o
/Users/doeca/.platformio/packages/toolchain-gccarmnoneeabi@1.70201.0/bin/../lib/gcc/arm-none-eabi/7.2.1/../../../../arm-none-eabi/bin/ld: error: .pio/build/genericSTM32F407IGT6/firmware.elf uses VFP register arguments, .pio/build/genericSTM32F407IGT6/FrameworkHALDriver/Src/stm32f4xx_ll_usb.o does not
/Users/doeca/.platformio/packages/toolchain-gccarmnoneeabi@1.70201.0/bin/../lib/gcc/arm-none-eabi/7.2.1/../../../../arm-none-eabi/bin/ld: failed to merge target specific data of file .pio/build/genericSTM32F407IGT6/FrameworkHALDriver/Src/stm32f4xx_ll_usb.o
/Users/doeca/.platformio/packages/toolchain-gccarmnoneeabi@1.70201.0/bin/../lib/gcc/arm-none-eabi/7.2.1/../../../../arm-none-eabi/bin/ld: error: .pio/build/genericSTM32F407IGT6/firmware.elf uses VFP register arguments, .pio/build/genericSTM32F407IGT6/FrameworkHALDriver/Src/stm32f4xx_ll_utils.o does not
/Users/doeca/.platformio/packages/toolchain-gccarmnoneeabi@1.70201.0/bin/../lib/gcc/arm-none-eabi/7.2.1/../../../../arm-none-eabi/bin/ld: failed to merge target specific data of file .pio/build/genericSTM32F407IGT6/FrameworkHALDriver/Src/stm32f4xx_ll_utils.o
/Users/doeca/.platformio/packages/toolchain-gccarmnoneeabi@1.70201.0/bin/../lib/gcc/arm-none-eabi/7.2.1/../../../../arm-none-eabi/bin/ld: error: .pio/build/genericSTM32F407IGT6/firmware.elf uses VFP register arguments, .pio/build/genericSTM32F407IGT6/src/app/led.o does not
/Users/doeca/.platformio/packages/toolchain-gccarmnoneeabi@1.70201.0/bin/../lib/gcc/arm-none-eabi/7.2.1/../../../../arm-none-eabi/bin/ld: failed to merge target specific data of file .pio/build/genericSTM32F407IGT6/src/app/led.o
/Users/doeca/.platformio/packages/toolchain-gccarmnoneeabi@1.70201.0/bin/../lib/gcc/arm-none-eabi/7.2.1/../../../../arm-none-eabi/bin/ld: error: .pio/build/genericSTM32F407IGT6/firmware.elf uses VFP register arguments, .pio/build/genericSTM32F407IGT6/src/app/pid.o does not
/Users/doeca/.platformio/packages/toolchain-gccarmnoneeabi@1.70201.0/bin/../lib/gcc/arm-none-eabi/7.2.1/../../../../arm-none-eabi/bin/ld: failed to merge target specific data of file .pio/build/genericSTM32F407IGT6/src/app/pid.o
/Users/doeca/.platformio/packages/toolchain-gccarmnoneeabi@1.70201.0/bin/../lib/gcc/arm-none-eabi/7.2.1/../../../../arm-none-eabi/bin/ld: error: .pio/build/genericSTM32F407IGT6/firmware.elf uses VFP register arguments, .pio/build/genericSTM32F407IGT6/src/app/remote_control.o does not
/Users/doeca/.platformio/packages/toolchain-gccarmnoneeabi@1.70201.0/bin/../lib/gcc/arm-none-eabi/7.2.1/../../../../arm-none-eabi/bin/ld: failed to merge target specific data of file .pio/build/genericSTM32F407IGT6/src/app/remote_control.o
/Users/doeca/.platformio/packages/toolchain-gccarmnoneeabi@1.70201.0/bin/../lib/gcc/arm-none-eabi/7.2.1/../../../../arm-none-eabi/bin/ld: error: .pio/build/genericSTM32F407IGT6/firmware.elf uses VFP register arguments, .pio/build/genericSTM32F407IGT6/src/bsp/bsp_bmi088.o does not
/Users/doeca/.platformio/packages/toolchain-gccarmnoneeabi@1.70201.0/bin/../lib/gcc/arm-none-eabi/7.2.1/../../../../arm-none-eabi/bin/ld: failed to merge target specific data of file .pio/build/genericSTM32F407IGT6/src/bsp/bsp_bmi088.o
/Users/doeca/.platformio/packages/toolchain-gccarmnoneeabi@1.70201.0/bin/../lib/gcc/arm-none-eabi/7.2.1/../../../../arm-none-eabi/bin/ld: error: .pio/build/genericSTM32F407IGT6/firmware.elf uses VFP register arguments, .pio/build/genericSTM32F407IGT6/src/bsp/bsp_ist8310.o does not
/Users/doeca/.platformio/packages/toolchain-gccarmnoneeabi@1.70201.0/bin/../lib/gcc/arm-none-eabi/7.2.1/../../../../arm-none-eabi/bin/ld: failed to merge target specific data of file .pio/build/genericSTM32F407IGT6/src/bsp/bsp_ist8310.o
/Users/doeca/.platformio/packages/toolchain-gccarmnoneeabi@1.70201.0/bin/../lib/gcc/arm-none-eabi/7.2.1/../../../../arm-none-eabi/bin/ld: error: .pio/build/genericSTM32F407IGT6/firmware.elf uses VFP register arguments, .pio/build/genericSTM32F407IGT6/src/bsp/bsp_rc.o does not
/Users/doeca/.platformio/packages/toolchain-gccarmnoneeabi@1.70201.0/bin/../lib/gcc/arm-none-eabi/7.2.1/../../../../arm-none-eabi/bin/ld: failed to merge target specific data of file .pio/build/genericSTM32F407IGT6/src/bsp/bsp_rc.o
/Users/doeca/.platformio/packages/toolchain-gccarmnoneeabi@1.70201.0/bin/../lib/gcc/arm-none-eabi/7.2.1/../../../../arm-none-eabi/bin/ld: error: .pio/build/genericSTM32F407IGT6/firmware.elf uses VFP register arguments, .pio/build/genericSTM32F407IGT6/src/bsp/bsp_spi.o does not
/Users/doeca/.platformio/packages/toolchain-gccarmnoneeabi@1.70201.0/bin/../lib/gcc/arm-none-eabi/7.2.1/../../../../arm-none-eabi/bin/ld: failed to merge target specific data of file .pio/build/genericSTM32F407IGT6/src/bsp/bsp_spi.o
/Users/doeca/.platformio/packages/toolchain-gccarmnoneeabi@1.70201.0/bin/../lib/gcc/arm-none-eabi/7.2.1/../../../../arm-none-eabi/bin/ld: error: .pio/build/genericSTM32F407IGT6/firmware.elf uses VFP register arguments, .pio/build/genericSTM32F407IGT6/src/bsp/bsp_usart.o does not
/Users/doeca/.platformio/packages/toolchain-gccarmnoneeabi@1.70201.0/bin/../lib/gcc/arm-none-eabi/7.2.1/../../../../arm-none-eabi/bin/ld: failed to merge target specific data of file .pio/build/genericSTM32F407IGT6/src/bsp/bsp_usart.o
/Users/doeca/.platformio/packages/toolchain-gccarmnoneeabi@1.70201.0/bin/../lib/gcc/arm-none-eabi/7.2.1/../../../../arm-none-eabi/bin/ld: error: .pio/build/genericSTM32F407IGT6/firmware.elf uses VFP register arguments, .pio/build/genericSTM32F407IGT6/src/can.o does not
/Users/doeca/.platformio/packages/toolchain-gccarmnoneeabi@1.70201.0/bin/../lib/gcc/arm-none-eabi/7.2.1/../../../../arm-none-eabi/bin/ld: failed to merge target specific data of file .pio/build/genericSTM32F407IGT6/src/can.o
/Users/doeca/.platformio/packages/toolchain-gccarmnoneeabi@1.70201.0/bin/../lib/gcc/arm-none-eabi/7.2.1/../../../../arm-none-eabi/bin/ld: error: .pio/build/genericSTM32F407IGT6/firmware.elf uses VFP register arguments, .pio/build/genericSTM32F407IGT6/src/device/motor.o does not
/Users/doeca/.platformio/packages/toolchain-gccarmnoneeabi@1.70201.0/bin/../lib/gcc/arm-none-eabi/7.2.1/../../../../arm-none-eabi/bin/ld: failed to merge target specific data of file .pio/build/genericSTM32F407IGT6/src/device/motor.o
/Users/doeca/.platformio/packages/toolchain-gccarmnoneeabi@1.70201.0/bin/../lib/gcc/arm-none-eabi/7.2.1/../../../../arm-none-eabi/bin/ld: error: .pio/build/genericSTM32F407IGT6/firmware.elf uses VFP register arguments, .pio/build/genericSTM32F407IGT6/src/dma.o does not
/Users/doeca/.platformio/packages/toolchain-gccarmnoneeabi@1.70201.0/bin/../lib/gcc/arm-none-eabi/7.2.1/../../../../arm-none-eabi/bin/ld: failed to merge target specific data of file .pio/build/genericSTM32F407IGT6/src/dma.o
/Users/doeca/.platformio/packages/toolchain-gccarmnoneeabi@1.70201.0/bin/../lib/gcc/arm-none-eabi/7.2.1/../../../../arm-none-eabi/bin/ld: error: .pio/build/genericSTM32F407IGT6/firmware.elf uses VFP register arguments, .pio/build/genericSTM32F407IGT6/src/freertos.o does not
/Users/doeca/.platformio/packages/toolchain-gccarmnoneeabi@1.70201.0/bin/../lib/gcc/arm-none-eabi/7.2.1/../../../../arm-none-eabi/bin/ld: failed to merge target specific data of file .pio/build/genericSTM32F407IGT6/src/freertos.o
/Users/doeca/.platformio/packages/toolchain-gccarmnoneeabi@1.70201.0/bin/../lib/gcc/arm-none-eabi/7.2.1/../../../../arm-none-eabi/bin/ld: error: .pio/build/genericSTM32F407IGT6/firmware.elf uses VFP register arguments, .pio/build/genericSTM32F407IGT6/src/gpio.o does not
/Users/doeca/.platformio/packages/toolchain-gccarmnoneeabi@1.70201.0/bin/../lib/gcc/arm-none-eabi/7.2.1/../../../../arm-none-eabi/bin/ld: failed to merge target specific data of file .pio/build/genericSTM32F407IGT6/src/gpio.o
/Users/doeca/.platformio/packages/toolchain-gccarmnoneeabi@1.70201.0/bin/../lib/gcc/arm-none-eabi/7.2.1/../../../../arm-none-eabi/bin/ld: error: .pio/build/genericSTM32F407IGT6/firmware.elf uses VFP register arguments, .pio/build/genericSTM32F407IGT6/src/i2c.o does not
/Users/doeca/.platformio/packages/toolchain-gccarmnoneeabi@1.70201.0/bin/../lib/gcc/arm-none-eabi/7.2.1/../../../../arm-none-eabi/bin/ld: failed to merge target specific data of file .pio/build/genericSTM32F407IGT6/src/i2c.o
/Users/doeca/.platformio/packages/toolchain-gccarmnoneeabi@1.70201.0/bin/../lib/gcc/arm-none-eabi/7.2.1/../../../../arm-none-eabi/bin/ld: error: .pio/build/genericSTM32F407IGT6/firmware.elf uses VFP register arguments, .pio/build/genericSTM32F407IGT6/src/main.o does not
/Users/doeca/.platformio/packages/toolchain-gccarmnoneeabi@1.70201.0/bin/../lib/gcc/arm-none-eabi/7.2.1/../../../../arm-none-eabi/bin/ld: failed to merge target specific data of file .pio/build/genericSTM32F407IGT6/src/main.o
/Users/doeca/.platformio/packages/toolchain-gccarmnoneeabi@1.70201.0/bin/../lib/gcc/arm-none-eabi/7.2.1/../../../../arm-none-eabi/bin/ld: error: .pio/build/genericSTM32F407IGT6/firmware.elf uses VFP register arguments, .pio/build/genericSTM32F407IGT6/src/spi.o does not
/Users/doeca/.platformio/packages/toolchain-gccarmnoneeabi@1.70201.0/bin/../lib/gcc/arm-none-eabi/7.2.1/../../../../arm-none-eabi/bin/ld: failed to merge target specific data of file .pio/build/genericSTM32F407IGT6/src/spi.o
/Users/doeca/.platformio/packages/toolchain-gccarmnoneeabi@1.70201.0/bin/../lib/gcc/arm-none-eabi/7.2.1/../../../../arm-none-eabi/bin/ld: error: .pio/build/genericSTM32F407IGT6/firmware.elf uses VFP register arguments, .pio/build/genericSTM32F407IGT6/src/stm32f4xx_hal_msp.o does not
/Users/doeca/.platformio/packages/toolchain-gccarmnoneeabi@1.70201.0/bin/../lib/gcc/arm-none-eabi/7.2.1/../../../../arm-none-eabi/bin/ld: failed to merge target specific data of file .pio/build/genericSTM32F407IGT6/src/stm32f4xx_hal_msp.o
/Users/doeca/.platformio/packages/toolchain-gccarmnoneeabi@1.70201.0/bin/../lib/gcc/arm-none-eabi/7.2.1/../../../../arm-none-eabi/bin/ld: error: .pio/build/genericSTM32F407IGT6/firmware.elf uses VFP register arguments, .pio/build/genericSTM32F407IGT6/src/stm32f4xx_it.o does not
/Users/doeca/.platformio/packages/toolchain-gccarmnoneeabi@1.70201.0/bin/../lib/gcc/arm-none-eabi/7.2.1/../../../../arm-none-eabi/bin/ld: failed to merge target specific data of file .pio/build/genericSTM32F407IGT6/src/stm32f4xx_it.o
/Users/doeca/.platformio/packages/toolchain-gccarmnoneeabi@1.70201.0/bin/../lib/gcc/arm-none-eabi/7.2.1/../../../../arm-none-eabi/bin/ld: error: .pio/build/genericSTM32F407IGT6/firmware.elf uses VFP register arguments, .pio/build/genericSTM32F407IGT6/src/system_stm32f4xx.o does not
/Users/doeca/.platformio/packages/toolchain-gccarmnoneeabi@1.70201.0/bin/../lib/gcc/arm-none-eabi/7.2.1/../../../../arm-none-eabi/bin/ld: failed to merge target specific data of file .pio/build/genericSTM32F407IGT6/src/system_stm32f4xx.o
/Users/doeca/.platformio/packages/toolchain-gccarmnoneeabi@1.70201.0/bin/../lib/gcc/arm-none-eabi/7.2.1/../../../../arm-none-eabi/bin/ld: error: .pio/build/genericSTM32F407IGT6/firmware.elf uses VFP register arguments, .pio/build/genericSTM32F407IGT6/src/task/info_proc.o does not
/Users/doeca/.platformio/packages/toolchain-gccarmnoneeabi@1.70201.0/bin/../lib/gcc/arm-none-eabi/7.2.1/../../../../arm-none-eabi/bin/ld: failed to merge target specific data of file .pio/build/genericSTM32F407IGT6/src/task/info_proc.o
/Users/doeca/.platformio/packages/toolchain-gccarmnoneeabi@1.70201.0/bin/../lib/gcc/arm-none-eabi/7.2.1/../../../../arm-none-eabi/bin/ld: error: .pio/build/genericSTM32F407IGT6/firmware.elf uses VFP register arguments, .pio/build/genericSTM32F407IGT6/src/tim.o does not
/Users/doeca/.platformio/packages/toolchain-gccarmnoneeabi@1.70201.0/bin/../lib/gcc/arm-none-eabi/7.2.1/../../../../arm-none-eabi/bin/ld: failed to merge target specific data of file .pio/build/genericSTM32F407IGT6/src/tim.o
/Users/doeca/.platformio/packages/toolchain-gccarmnoneeabi@1.70201.0/bin/../lib/gcc/arm-none-eabi/7.2.1/../../../../arm-none-eabi/bin/ld: error: .pio/build/genericSTM32F407IGT6/firmware.elf uses VFP register arguments, .pio/build/genericSTM32F407IGT6/src/usart.o does not
/Users/doeca/.platformio/packages/toolchain-gccarmnoneeabi@1.70201.0/bin/../lib/gcc/arm-none-eabi/7.2.1/../../../../arm-none-eabi/bin/ld: failed to merge target specific data of file .pio/build/genericSTM32F407IGT6/src/usart.o
/Users/doeca/.platformio/packages/toolchain-gccarmnoneeabi@1.70201.0/bin/../lib/gcc/arm-none-eabi/7.2.1/../../../../arm-none-eabi/bin/ld: error: .pio/build/genericSTM32F407IGT6/firmware.elf uses VFP register arguments, .pio/build/genericSTM32F407IGT6/lib77c/libSTM32Cube Middleware-FreeRTOS.a(cmsis_os2.o) does not
/Users/doeca/.platformio/packages/toolchain-gccarmnoneeabi@1.70201.0/bin/../lib/gcc/arm-none-eabi/7.2.1/../../../../arm-none-eabi/bin/ld: failed to merge target specific data of file .pio/build/genericSTM32F407IGT6/lib77c/libSTM32Cube Middleware-FreeRTOS.a(cmsis_os2.o)
/Users/doeca/.platformio/packages/toolchain-gccarmnoneeabi@1.70201.0/bin/../lib/gcc/arm-none-eabi/7.2.1/../../../../arm-none-eabi/bin/ld: error: .pio/build/genericSTM32F407IGT6/firmware.elf uses VFP register arguments, .pio/build/genericSTM32F407IGT6/lib77c/libSTM32Cube Middleware-FreeRTOS.a(port.o) does not
/Users/doeca/.platformio/packages/toolchain-gccarmnoneeabi@1.70201.0/bin/../lib/gcc/arm-none-eabi/7.2.1/../../../../arm-none-eabi/bin/ld: failed to merge target specific data of file .pio/build/genericSTM32F407IGT6/lib77c/libSTM32Cube Middleware-FreeRTOS.a(port.o)
/Users/doeca/.platformio/packages/toolchain-gccarmnoneeabi@1.70201.0/bin/../lib/gcc/arm-none-eabi/7.2.1/../../../../arm-none-eabi/bin/ld: error: .pio/build/genericSTM32F407IGT6/firmware.elf uses VFP register arguments, .pio/build/genericSTM32F407IGT6/lib77c/libSTM32Cube Middleware-FreeRTOS.a(heap_4.o) does not
/Users/doeca/.platformio/packages/toolchain-gccarmnoneeabi@1.70201.0/bin/../lib/gcc/arm-none-eabi/7.2.1/../../../../arm-none-eabi/bin/ld: failed to merge target specific data of file .pio/build/genericSTM32F407IGT6/lib77c/libSTM32Cube Middleware-FreeRTOS.a(heap_4.o)
/Users/doeca/.platformio/packages/toolchain-gccarmnoneeabi@1.70201.0/bin/../lib/gcc/arm-none-eabi/7.2.1/../../../../arm-none-eabi/bin/ld: error: .pio/build/genericSTM32F407IGT6/firmware.elf uses VFP register arguments, .pio/build/genericSTM32F407IGT6/lib77c/libSTM32Cube Middleware-FreeRTOS.a(queue.o) does not
/Users/doeca/.platformio/packages/toolchain-gccarmnoneeabi@1.70201.0/bin/../lib/gcc/arm-none-eabi/7.2.1/../../../../arm-none-eabi/bin/ld: failed to merge target specific data of file .pio/build/genericSTM32F407IGT6/lib77c/libSTM32Cube Middleware-FreeRTOS.a(queue.o)
/Users/doeca/.platformio/packages/toolchain-gccarmnoneeabi@1.70201.0/bin/../lib/gcc/arm-none-eabi/7.2.1/../../../../arm-none-eabi/bin/ld: error: .pio/build/genericSTM32F407IGT6/firmware.elf uses VFP register arguments, .pio/build/genericSTM32F407IGT6/lib77c/libSTM32Cube Middleware-FreeRTOS.a(tasks.o) does not
/Users/doeca/.platformio/packages/toolchain-gccarmnoneeabi@1.70201.0/bin/../lib/gcc/arm-none-eabi/7.2.1/../../../../arm-none-eabi/bin/ld: failed to merge target specific data of file .pio/build/genericSTM32F407IGT6/lib77c/libSTM32Cube Middleware-FreeRTOS.a(tasks.o)
/Users/doeca/.platformio/packages/toolchain-gccarmnoneeabi@1.70201.0/bin/../lib/gcc/arm-none-eabi/7.2.1/../../../../arm-none-eabi/bin/ld: error: .pio/build/genericSTM32F407IGT6/firmware.elf uses VFP register arguments, .pio/build/genericSTM32F407IGT6/lib77c/libSTM32Cube Middleware-FreeRTOS.a(timers.o) does not
/Users/doeca/.platformio/packages/toolchain-gccarmnoneeabi@1.70201.0/bin/../lib/gcc/arm-none-eabi/7.2.1/../../../../arm-none-eabi/bin/ld: failed to merge target specific data of file .pio/build/genericSTM32F407IGT6/lib77c/libSTM32Cube Middleware-FreeRTOS.a(timers.o)
/Users/doeca/.platformio/packages/toolchain-gccarmnoneeabi@1.70201.0/bin/../lib/gcc/arm-none-eabi/7.2.1/../../../../arm-none-eabi/bin/ld: error: .pio/build/genericSTM32F407IGT6/firmware.elf uses VFP register arguments, .pio/build/genericSTM32F407IGT6/lib77c/libSTM32Cube Middleware-FreeRTOS.a(list.o) does not
/Users/doeca/.platformio/packages/toolchain-gccarmnoneeabi@1.70201.0/bin/../lib/gcc/arm-none-eabi/7.2.1/../../../../arm-none-eabi/bin/ld: failed to merge target specific data of file .pio/build/genericSTM32F407IGT6/lib77c/libSTM32Cube Middleware-FreeRTOS.a(list.o)
/Users/doeca/.platformio/packages/toolchain-gccarmnoneeabi@1.70201.0/bin/../lib/gcc/arm-none-eabi/7.2.1/../../../../arm-none-eabi/bin/ld: warning: /Users/doeca/Documents/Projects/Draft-for-Infantry-5/Draft/lib/AHRS/source/AHRS.lib(ahrs.o) uses 2-byte wchar_t yet the output is to use 4-byte wchar_t; use of wchar_t values across objects may fail
/Users/doeca/.platformio/packages/toolchain-gccarmnoneeabi@1.70201.0/bin/../lib/gcc/arm-none-eabi/7.2.1/../../../../arm-none-eabi/bin/ld: error: .pio/build/genericSTM32F407IGT6/firmware.elf uses VFP register arguments, .pio/build/genericSTM32F407IGT6/lib131/libAHRS.a(AHRS_middleware.o) does not
/Users/doeca/.platformio/packages/toolchain-gccarmnoneeabi@1.70201.0/bin/../lib/gcc/arm-none-eabi/7.2.1/../../../../arm-none-eabi/bin/ld: failed to merge target specific data of file .pio/build/genericSTM32F407IGT6/lib131/libAHRS.a(AHRS_middleware.o)
collect2: error: ld returned 1 exit status
*** [.pio/build/genericSTM32F407IGT6/firmware.elf] Error 1
===================================== [FAILED] Took 1.61 seconds =====================================
